Clock: clk_core
Sources: 
Generated: no
Virtual: yes
Propagated: no
Period: 20.000000

===========================================================================
report_clock_properties
============================================================================
Clock                   Period          Waveform
----------------------------------------------------
clk_core             20.000000    0.000000 10.000000

===========================================================================
report_clock_latency
============================================================================
Clock clk_core
rise -> rise
    min     max
0.000000 0.000000 source latency
8.628182         network latency _38156_/CLK
        8.628182 network latency _38156_/CLK
---------------
8.628182 8.628182 latency
        0.000000 skew

rise -> fall
    min     max
0.000000 0.000000 source latency
8.859662         network latency _38156_/CLK
        8.859662 network latency _38156_/CLK
---------------
8.859662 8.859662 latency
        0.000000 skew



===========================================================================
report_clock_min_period
============================================================================
clk_core period_min = 0.00 fmax = inf
