133. Printing statistics.

=== chip_top ===

        +----------Local Count, excluding submodules.
        |        +-Local Area, excluding submodules.
        |        | 
    19182        - wires
    19443        - wire bits
       45        - public wires
      306        - public wire bits
        4        - ports
       20        - port bits
    19437   288000 cells
      784        -   $_ANDNOT_
      196        -   $_AND_
      128        -   $_DFFE_PP0N_
      142        -   $_DFFE_PP0P_
        5        -   $_DFF_PP0_
        1        -   $_DFF_PP1_
    14140        -   $_MUX_
       65        -   $_NAND_
      109        -   $_NOR_
      659        -   $_NOT_
      145        -   $_ORNOT_
      385        -   $_OR_
      442        -   $_XNOR_
     2216        -   $_XOR_
        1    14400   sg13g2_IOPadIOVdd
        1    14400   sg13g2_IOPadIOVss
        6    86400   sg13g2_IOPadIn
       10   144000   sg13g2_IOPadOut30mA
        1    14400   sg13g2_IOPadVdd
        1    14400   sg13g2_IOPadVss

   Area for cell type $_ANDNOT_ is unknown!
   Area for cell type $_AND_ is unknown!
   Area for cell type $_DFFE_PP0N_ is unknown!
   Area for cell type $_DFFE_PP0P_ is unknown!
   Area for cell type $_DFF_PP0_ is unknown!
   Area for cell type $_DFF_PP1_ is unknown!
   Area for cell type $_MUX_ is unknown!
   Area for cell type $_NAND_ is unknown!
   Area for cell type $_NOR_ is unknown!
   Area for cell type $_NOT_ is unknown!
   Area for cell type $_ORNOT_ is unknown!
   Area for cell type $_OR_ is unknown!
   Area for cell type $_XNOR_ is unknown!
   Area for cell type $_XOR_ is unknown!

   Chip area for module '\chip_top': 288000.000000
     of which used for sequential elements: 0.000000 (0.00%)

