147. Printing statistics.

=== chip_top ===

        +----------Local Count, excluding submodules.
        |        +-Local Area, excluding submodules.
        |        | 
    19369        - wires
    19385        - wire bits
      289        - public wires
      305        - public wire bits
        4        - ports
       20        - port bits
    19379 4.85E+05 cells
        1    14400   sg13g2_IOPadIOVdd
        1    14400   sg13g2_IOPadIOVss
        6    86400   sg13g2_IOPadIn
       10   144000   sg13g2_IOPadOut30mA
        1    14400   sg13g2_IOPadVdd
        1    14400   sg13g2_IOPadVss
      245 3.11E+03   sg13g2_a21o_1
     2659 2.41E+04   sg13g2_a21oi_1
     1059 1.54E+04   sg13g2_a221oi_1
      962 1.04E+04   sg13g2_a22oi_1
      223 2.02E+03   sg13g2_and2_1
       60  762.048   sg13g2_and3_1
       12  174.182   sg13g2_and4_1
      276 1.35E+04   sg13g2_dfrbpq_1
      635 3.46E+03   sg13g2_inv_1
        9  163.296   sg13g2_mux2_1
        3  114.307   sg13g2_mux4_1
     2534 1.84E+04   sg13g2_nand2_1
      293 2.66E+03   sg13g2_nand2b_1
     1163 1.06E+04   sg13g2_nand3_1
       88  1117.67   sg13g2_nand3b_1
      268 2.92E+03   sg13g2_nand4_1
     2421 1.76E+04   sg13g2_nor2_1
      178 1.61E+03   sg13g2_nor2b_1
      782 7.09E+03   sg13g2_nor3_1
      214  2329.69   sg13g2_nor4_1
     2924 2.65E+04   sg13g2_o21ai_1
      118 1.07E+03   sg13g2_or2_1
       65  825.552   sg13g2_or3_1
       18  261.274   sg13g2_or4_1
        7   50.803   sg13g2_tielo
     1581 2.29E+04   sg13g2_xnor2_1
      562 8.16E+03   sg13g2_xor2_1

   Chip area for module '\chip_top': 485341.326000
     of which used for sequential elements: 13520.908800 (2.79%)

